\BOOKMARK [0][-]{chapter.1}{Introduzione}{}% 1
\BOOKMARK [1][-]{section.1.1}{Incipit}{chapter.1}% 2
\BOOKMARK [1][-]{section.1.2}{Nozioni Preliminari}{chapter.1}% 3
\BOOKMARK [2][-]{subsection.1.2.1}{Schema di relazione}{section.1.2}% 4
\BOOKMARK [2][-]{subsection.1.2.2}{Dipendenze funzionali canoniche}{section.1.2}% 5
\BOOKMARK [2][-]{subsection.1.2.3}{Dipendenze funzionali rilassate}{section.1.2}% 6
\BOOKMARK [2][-]{subsection.1.2.4}{Scoperta RFD}{section.1.2}% 7
\BOOKMARK [2][-]{subsection.1.2.5}{Dominanza}{section.1.2}% 8
\BOOKMARK [1][-]{section.1.3}{Studi preliminari}{chapter.1}% 9
\BOOKMARK [0][-]{chapter.2}{Stato dell'arte}{}% 10
\BOOKMARK [1][-]{section.2.1}{AFD Discovery}{chapter.2}% 11
\BOOKMARK [1][-]{section.2.2}{MD Discovery}{chapter.2}% 12
\BOOKMARK [1][-]{section.2.3}{DD Discovery}{chapter.2}% 13
\BOOKMARK [0][-]{chapter.3}{Algoritmo}{}% 14
\BOOKMARK [1][-]{section.3.1}{Matrice delle distanze}{chapter.3}% 15
\BOOKMARK [2][-]{subsection.3.1.1}{Funzione di distanza}{section.3.1}% 16
\BOOKMARK [2][-]{subsection.3.1.2}{Calcolo della matrice delle distanze}{section.3.1}% 17
\BOOKMARK [1][-]{section.3.2}{Feasibility}{chapter.3}% 18
\BOOKMARK [1][-]{section.3.3}{Minimality ed RFD Generation}{chapter.3}% 19
\BOOKMARK [2][-]{subsection.3.3.1}{Nozioni preliminari}{section.3.3}% 20
\BOOKMARK [2][-]{subsection.3.3.2}{Minimality}{section.3.3}% 21
\BOOKMARK [0][-]{chapter.4}{Implementazione}{}% 22
\BOOKMARK [1][-]{section.4.1}{Tecnologie utilizzate}{chapter.4}% 23
\BOOKMARK [2][-]{subsection.4.1.1}{AKKA}{section.4.1}% 24
\BOOKMARK [2][-]{subsection.4.1.2}{FastUtil}{section.4.1}% 25
\BOOKMARK [2][-]{subsection.4.1.3}{Joinery Dataframe}{section.4.1}% 26
\BOOKMARK [1][-]{section.4.2}{Struttura del progetto}{chapter.4}% 27
\BOOKMARK [2][-]{subsection.4.2.1}{Package DataSet}{section.4.2}% 28
\BOOKMARK [2][-]{subsection.4.2.2}{Package RFD}{section.4.2}% 29
\BOOKMARK [2][-]{subsection.4.2.3}{Package Actors}{section.4.2}% 30
\BOOKMARK [2][-]{subsection.4.2.4}{Package Utility}{section.4.2}% 31
\BOOKMARK [1][-]{section.4.3}{Requisiti}{chapter.4}% 32
\BOOKMARK [0][-]{chapter.5}{Conclusioni}{}% 33
\BOOKMARK [1][-]{section.5.1}{Lavori futuri}{chapter.5}% 34
\BOOKMARK [1][-]{section.5.2}{Riflessioni}{chapter.5}% 35
\BOOKMARK [1][-]{section.5.3}{Test}{chapter.5}% 36
\BOOKMARK [2][-]{subsection.5.3.1}{Dataset utilizzati}{section.5.3}% 37
\BOOKMARK [2][-]{subsection.5.3.2}{Risultati test sequenziale}{section.5.3}% 38
\BOOKMARK [2][-]{subsection.5.3.3}{Risultati test con due thread}{section.5.3}% 39
\BOOKMARK [2][-]{subsection.5.3.4}{Risultati test con tre thread}{section.5.3}% 40
\BOOKMARK [2][-]{subsection.5.3.5}{Risultati test con sette thread}{section.5.3}% 41
\BOOKMARK [2][-]{subsection.5.3.6}{Considerazioni finali su testing}{section.5.3}% 42
\BOOKMARK [0][-]{chapter.6}{Ringraziamenti}{}% 43
